#
# A fatal error has been detected by the Java Runtime Environment:
#
#  SIGFPE (0x8) at pc=0x0000000119f8e168, pid=3283, tid=8195
#
# JRE version: Java(TM) SE Runtime Environment (15.0.1+9) (build 15.0.1+9-18)
# Java VM: Java HotSpot(TM) 64-Bit Server VM (15.0.1+9-18, mixed mode, sharing, tiered, compressed oops, g1 gc, bsd-amd64)
# Problematic frame:
# j  com.suika.trycatch.TryCatch2.main([Ljava/lang/String;)V+124
#
# No core dump will be written. Core dumps have been disabled. To enable core dumping, try "ulimit -c unlimited" before starting Java again
#
# If you would like to submit a bug report, please visit:
#   https://bugreport.java.com/bugreport/crash.jsp
#

---------------  S U M M A R Y ------------

Command Line: -Dfile.encoding=UTF-8 -XX:+ShowCodeDetailsInExceptionMessages com.suika.trycatch.TryCatch2

Host: MacBookAir10,1 x86_64 2400 MHz, 8 cores, 8G, Darwin 20.2.0
Time: Thu Jan 21 06:59:20 2021 PST elapsed time: 0.196448 seconds (0d 0h 0m 0s)

---------------  T H R E A D  ---------------

Current thread (0x00007fcd3c00a400):  JavaThread "main" [_thread_in_Java, id=8195, stack(0x000000030a1bc000,0x000000030a2bc000)]

Stack: [0x000000030a1bc000,0x000000030a2bc000],  sp=0x000000030a2bbac0,  free space=1022k
Native frames: (J=compiled Java code, A=aot compiled Java code, j=interpreted, Vv=VM code, C=native code)
j  com.suika.trycatch.TryCatch2.main([Ljava/lang/String;)V+124
v  ~StubRoutines::call_stub
V  [libjvm.dylib+0x4ad312]  JavaCalls::call_helper(JavaValue*, methodHandle const&, JavaCallArguments*, Thread*)+0x2e2
V  [libjvm.dylib+0x50d989]  jni_invoke_static(JNIEnv_*, JavaValue*, _jobject*, JNICallType, _jmethodID*, JNI_ArgumentPusher*, Thread*)+0x1f9
V  [libjvm.dylib+0x510f1a]  jni_CallStaticVoidMethod+0x18a
C  [libjli.dylib+0x4f3d]  JavaMain+0xc1d
C  [libjli.dylib+0x7659]  ThreadJavaMain+0x9
C  [libsystem_pthread.dylib+0x6950]  _pthread_start+0xe0
C  [libsystem_pthread.dylib+0x247b]  thread_start+0xf


siginfo: si_signo: 8 (SIGFPE), si_code: 5 (FPE_FLTINV), si_addr: 0x0000000119f8e168

Register to memory mapping:

RAX=0x0000000000000003 is an unknown value
RBX=0x000000000000006c is an unknown value
RCX=0x0 is NULL
RDX=0x0 is NULL
RSP=0x000000030a2bbac0 is pointing into the stack for thread: 0x00007fcd3c00a400
RBP=0x000000030a2bbb10 is pointing into the stack for thread: 0x00007fcd3c00a400
RSI=0x000000030a2bba50 is pointing into the stack for thread: 0x00007fcd3c00a400
RDI=0x0000000119f83eea is at code_begin+2346 in an Interpreter codelet
invoke return entry points  [0x0000000119f835c0, 0x0000000119f83fc0]  2560 bytes
R8 =0x0000000000000042 is an unknown value
R9 =0x0000000787f05960 is an oop: java.io.FileDescriptor 
{0x0000000787f05960} - klass: 'java/io/FileDescriptor'
R10=0x00000001104338c0: _ZN19TemplateInterpreter13_active_tableE+0x2000 in /Library/Java/JavaVirtualMachines/jdk-15.0.1.jdk/Contents/Home/lib/server/libjvm.dylib at 0x000000010f800000
R11=0x000000030a2bb608 is pointing into the stack for thread: 0x00007fcd3c00a400
R12=0x0 is NULL
R13=0x000000012ff7c58b is pointing into metadata
R14=0x000000030a2bbb48 is pointing into the stack for thread: 0x00007fcd3c00a400
R15=0x00007fcd3c00a400 is a thread


Registers:
RAX=0x0000000000000003, RBX=0x000000000000006c, RCX=0x0000000000000000, RDX=0x0000000000000000
RSP=0x000000030a2bbac0, RBP=0x000000030a2bbb10, RSI=0x000000030a2bba50, RDI=0x0000000119f83eea
R8 =0x0000000000000042, R9 =0x0000000787f05960, R10=0x00000001104338c0, R11=0x000000030a2bb608
R12=0x0000000000000000, R13=0x000000012ff7c58b, R14=0x000000030a2bbb48, R15=0x00007fcd3c00a400
RIP=0x0000000119f8e168, EFLAGS=0x0000000000000a87, ERR=0x0000000000000000
  TRAPNO=0x0000000000000000

Top of Stack: (sp=0x000000030a2bbac0)
0x000000030a2bbac0:   0000000787f07ac8 000000030a2bbac8
0x000000030a2bbad0:   000000012ff7c58c 000000030a2bbb48
0x000000030a2bbae0:   000000012ff7c6d8 0000000000000000
0x000000030a2bbaf0:   0000000787f441f8 000000012ff7c648
0x000000030a2bbb00:   0000000000000000 000000030a2bbb48
0x000000030a2bbb10:   000000030a2bbbb0 0000000119f7a947
0x000000030a2bbb20:   0000000700000003 0000000000000003
0x000000030a2bbb30:   0000000787e3ec20 0000000787e3ebf8
0x000000030a2bbb40:   0000000787f680b8 0000000787f45028
0x000000030a2bbb50:   c55df03d00001fa0 00007fcd3c00a400
0x000000030a2bbb60:   000000030a2bbcf0 000000030a2bbea0
0x000000030a2bbb70:   000000030a2bbcd8 0000000000000001
0x000000030a2bbb80:   000000030a2bbc08 000000030a2bbea8
0x000000030a2bbb90:   000000000000000a 000000012ff7c648
0x000000030a2bbba0:   0000000119f87f40 000000030a2bbcf8
0x000000030a2bbbb0:   000000030a2bbc90 000000010fcad312
0x000000030a2bbbc0:   0000000000000001 00007fcd3c00a400
0x000000030a2bbbd0:   00007fcd3c00a400 00007fcd3a508db0
0x000000030a2bbbe0:   00007fcd3a5090b0 00007fcd3a5090c0
0x000000030a2bbbf0:   00007fcd3a509198 00000000000000d8
0x000000030a2bbc00:   00007fcd3a508df0 00007fcd3c00a400
0x000000030a2bbc10:   00007fcd3a509ff0 000000012ff7c648
0x000000030a2bbc20:   0000000000000000 0000000000000000
0x000000030a2bbc30:   0000000000000000 0000000000000000
0x000000030a2bbc40:   000000030a2bbea0 000000020313e9ec
0x000000030a2bbc50:   0000000119f87f40 000000000000000f
0x000000030a2bbc60:   0000000a003e8968 00007fcd3c00a400
0x000000030a2bbc70:   0000000000000008 000000030a2bbea0
0x000000030a2bbc80:   00007fcd3a509030 000000030a2bbcf0
0x000000030a2bbc90:   000000030a2bbda0 000000010fd0d989
0x000000030a2bbca0:   00007fcd3a5095d0 00007fcd3a5095e0
0x000000030a2bbcb0:   00007fcd3c00a400 000000030a2bbe60 

Instructions: (pc=0x0000000119f8e168)
0x0000000119f8e068:   84 90 27 10 01 00 00 00 6a 00 00 00 00 00 00 00
0x0000000119f8e078:   00 00 00 00 00 00 00 00 f3 0f 10 04 24 48 83 c4
0x0000000119f8e088:   08 f3 0f 59 04 24 48 83 c4 08 41 0f b6 5d 01 49
0x0000000119f8e098:   ff c5 49 ba c0 48 43 10 01 00 00 00 41 ff 24 da
0x0000000119f8e0a8:   00 00 00 00 00 00 00 00 00 00 00 00 00 00 00 00
0x0000000119f8e0b8:   00 00 00 00 00 00 00 00 60 00 00 00 00 00 00 00
0x0000000119f8e0c8:   89 90 27 10 01 00 00 00 6b 00 00 00 00 00 00 00
0x0000000119f8e0d8:   00 00 00 00 00 00 00 00 f2 0f 10 04 24 48 83 c4
0x0000000119f8e0e8:   10 f2 0f 59 04 24 48 83 c4 10 41 0f b6 5d 01 49
0x0000000119f8e0f8:   ff c5 49 ba c0 50 43 10 01 00 00 00 41 ff 24 da
0x0000000119f8e108:   00 00 00 00 00 00 00 00 00 00 00 00 00 00 00 00
0x0000000119f8e118:   00 00 00 00 00 00 00 00 60 00 00 00 00 00 00 00
0x0000000119f8e128:   8e 90 27 10 01 00 00 00 6c 00 00 00 00 00 00 00
0x0000000119f8e138:   00 00 00 00 00 00 00 00 8b 04 24 48 83 c4 08 8b
0x0000000119f8e148:   c8 8b 04 24 48 83 c4 08 81 f8 00 00 00 80 0f 85
0x0000000119f8e158:   0b 00 00 00 33 d2 83 f9 ff 0f 84 03 00 00 00 99
0x0000000119f8e168:   f7 f9 41 0f b6 5d 01 49 ff c5 49 ba c0 38 43 10
0x0000000119f8e178:   01 00 00 00 41 ff 24 da 80 00 00 00 00 00 00 00
0x0000000119f8e188:   93 90 27 10 01 00 00 00 6d 00 00 00 00 00 00 00
0x0000000119f8e198:   00 00 00 00 00 00 00 00 48 8b 04 24 48 83 c4 10
0x0000000119f8e1a8:   48 8b c8 48 8b 04 24 48 83 c4 10 48 85 c9 0f 84
0x0000000119f8e1b8:   73 9a ff ff 48 3b 05 8d 5b 36 f6 0f 85 0c 00 00
0x0000000119f8e1c8:   00 33 d2 48 83 f9 ff 0f 84 05 00 00 00 48 99 48
0x0000000119f8e1d8:   f7 f9 41 0f b6 5d 01 49 ff c5 49 ba c0 40 43 10
0x0000000119f8e1e8:   01 00 00 00 41 ff 24 da 00 00 00 00 00 00 00 00
0x0000000119f8e1f8:   00 00 00 00 00 00 00 00 60 00 00 00 00 00 00 00
0x0000000119f8e208:   98 90 27 10 01 00 00 00 6e 00 00 00 00 00 00 00
0x0000000119f8e218:   00 00 00 00 00 00 00 00 f3 0f 10 04 24 48 83 c4
0x0000000119f8e228:   08 0f 28 c8 f3 0f 10 04 24 48 83 c4 08 f3 0f 5e
0x0000000119f8e238:   c1 41 0f b6 5d 01 49 ff c5 49 ba c0 48 43 10 01
0x0000000119f8e248:   00 00 00 41 ff 24 da 90 00 00 00 00 00 00 00 00
0x0000000119f8e258:   00 00 00 00 00 00 00 00 60 00 00 00 00 00 00 00 


Stack slot to memory mapping:
stack at sp + 0 slots: 0x0000000787f07ac8 is an oop: java.io.PrintStream 
{0x0000000787f07ac8} - klass: 'java/io/PrintStream'
stack at sp + 1 slots: 0x000000030a2bbac8 is pointing into the stack for thread: 0x00007fcd3c00a400
stack at sp + 2 slots: 0x000000012ff7c58c is pointing into metadata
stack at sp + 3 slots: 0x000000030a2bbb48 is pointing into the stack for thread: 0x00007fcd3c00a400
stack at sp + 4 slots: 0x000000012ff7c6d8 is pointing into metadata
stack at sp + 5 slots: 0x0 is NULL
stack at sp + 6 slots: 0x0000000787f441f8 is an oop: java.lang.Class 
{0x0000000787f441f8} - klass: 'java/lang/Class'
stack at sp + 7 slots: {method} {0x000000012ff7c648} 'main' '([Ljava/lang/String;)V' in 'com/suika/trycatch/TryCatch2'

idiv  108 idiv  [0x0000000119f8e140, 0x0000000119f8e180]  64 bytes
[MachCode]
  0x0000000119f8e140: 8b04 2448 | 83c4 088b | c88b 0424 | 4883 c408 | 81f8 0000 | 0080 0f85 | 0b00 0000 | 33d2 83f9 
  0x0000000119f8e160: ff0f 8403 | 0000 0099 | f7f9 410f | b65d 0149 | ffc5 49ba | c038 4310 | 0100 0000 | 41ff 24da 
[/MachCode]

---------------  P R O C E S S  ---------------

Threads class SMR info:
_java_thread_list=0x00007fcd3a51db80, length=10, elements={
0x00007fcd3c00a400, 0x00007fcd3b886200, 0x00007fcd3b045c00, 0x00007fcd3b04b600,
0x00007fcd3b808800, 0x00007fcd3b808e00, 0x00007fcd3b888a00, 0x00007fcd3b889000,
0x00007fcd3c00b400, 0x00007fcd3a82b800
}

Java Threads: ( => current thread )
=>0x00007fcd3c00a400 JavaThread "main" [_thread_in_Java, id=8195, stack(0x000000030a1bc000,0x000000030a2bc000)]
  0x00007fcd3b886200 JavaThread "Reference Handler" daemon [_thread_blocked, id=15619, stack(0x000000030a8d1000,0x000000030a9d1000)]
  0x00007fcd3b045c00 JavaThread "Finalizer" daemon [_thread_blocked, id=42755, stack(0x000000030a9d4000,0x000000030aad4000)]
  0x00007fcd3b04b600 JavaThread "Signal Dispatcher" daemon [_thread_blocked, id=39427, stack(0x000000030abe7000,0x000000030ace7000)]
  0x00007fcd3b808800 JavaThread "Service Thread" daemon [_thread_blocked, id=37891, stack(0x000000030acea000,0x000000030adea000)]
  0x00007fcd3b808e00 JavaThread "C2 CompilerThread0" daemon [_thread_blocked, id=23555, stack(0x000000030aded000,0x000000030aeed000)]
  0x00007fcd3b888a00 JavaThread "C1 CompilerThread0" daemon [_thread_blocked, id=24067, stack(0x000000030aef0000,0x000000030aff0000)]
  0x00007fcd3b889000 JavaThread "Sweeper thread" daemon [_thread_blocked, id=24323, stack(0x000000030aff3000,0x000000030b0f3000)]
  0x00007fcd3c00b400 JavaThread "Notification Thread" daemon [_thread_blocked, id=25091, stack(0x000000030b0f6000,0x000000030b1f6000)]
  0x00007fcd3a82b800 JavaThread "Common-Cleaner" daemon [_thread_blocked, id=26371, stack(0x000000030b2fc000,0x000000030b3fc000)]

Other Threads:
  0x00007fcd3a50e320 VMThread "VM Thread" [stack: 0x000000030a7ce000,0x000000030a8ce000] [id=14595]
  0x00007fcd3a74b550 WatcherThread [stack: 0x000000030b1f9000,0x000000030b2f9000] [id=25363]
  0x00007fcd3a71b220 GCTaskThread "GC Thread#0" [stack: 0x000000030a2bf000,0x000000030a3bf000] [id=13059]
  0x00007fcd3a404f60 ConcurrentGCThread "G1 Main Marker" [stack: 0x000000030a3c2000,0x000000030a4c2000] [id=17411]
  0x00007fcd3a71bf10 ConcurrentGCThread "G1 Conc#0" [stack: 0x000000030a4c5000,0x000000030a5c5000] [id=13827]
  0x00007fcd3a421cd0 ConcurrentGCThread "G1 Refine#0" [stack: 0x000000030a5c8000,0x000000030a6c8000] [id=16643]
  0x00007fcd3a422d70 ConcurrentGCThread "G1 Young RemSet Sampling" [stack: 0x000000030a6cb000,0x000000030a7cb000] [id=14339]

Threads with active compile tasks:

VM state: not at safepoint (normal execution)

VM Mutex/Monitor currently owned by a thread: None

Heap address: 0x0000000780000000, size: 2048 MB, Compressed Oops mode: Zero based, Oop shift amount: 3
CDS archive(s) mapped at: [0x0000000800000000-0x0000000800b2c000-0x0000000800b2c000), size 11714560, SharedBaseAddress: 0x0000000800000000, ArchiveRelocationMode: 0.
Compressed class space mapped at: 0x0000000800b2c000-0x0000000840b2c000, size: 1073741824
Narrow klass base: 0x0000000800000000, Narrow klass shift: 3, Narrow klass range: 0x100000000

GC Precious Log:
 CPUs: 8 total, 8 available
 Memory: 8192M
 Large Page Support: Disabled
 NUMA Support: Disabled
 Compressed Oops: Enabled (Zero based)
 Heap Region Size: 1M
 Heap Min Capacity: 8M
 Heap Initial Capacity: 128M
 Heap Max Capacity: 2G
 Pre-touch: Disabled
 Parallel Workers: 8
 Concurrent Workers: 2
 Concurrent Refinement Workers: 8
 Periodic GC: Disabled

Heap:
 garbage-first heap   total 133120K, used 1832K [0x0000000780000000, 0x0000000800000000)
  region size 1024K, 2 young (2048K), 0 survivors (0K)
 Metaspace       used 695K, capacity 4495K, committed 4864K, reserved 1056768K
  class space    used 69K, capacity 389K, committed 512K, reserved 1048576K

Heap Regions: E=young(eden), S=young(survivor), O=old, HS=humongous(starts), HC=humongous(continues), CS=collection set, F=free, OA=open archive, CA=closed archive, TAMS=top-at-mark-start (previous, next)
|   0|0x0000000780000000, 0x0000000780000000, 0x0000000780100000|  0%| F|  |TAMS 0x0000000780000000, 0x0000000780000000| Untracked 
|   1|0x0000000780100000, 0x0000000780100000, 0x0000000780200000|  0%| F|  |TAMS 0x0000000780100000, 0x0000000780100000| Untracked 
|   2|0x0000000780200000, 0x0000000780200000, 0x0000000780300000|  0%| F|  |TAMS 0x0000000780200000, 0x0000000780200000| Untracked 
|   3|0x0000000780300000, 0x0000000780300000, 0x0000000780400000|  0%| F|  |TAMS 0x0000000780300000, 0x0000000780300000| Untracked 
|   4|0x0000000780400000, 0x0000000780400000, 0x0000000780500000|  0%| F|  |TAMS 0x0000000780400000, 0x0000000780400000| Untracked 
|   5|0x0000000780500000, 0x0000000780500000, 0x0000000780600000|  0%| F|  |TAMS 0x0000000780500000, 0x0000000780500000| Untracked 
|   6|0x0000000780600000, 0x0000000780600000, 0x0000000780700000|  0%| F|  |TAMS 0x0000000780600000, 0x0000000780600000| Untracked 
|   7|0x0000000780700000, 0x0000000780700000, 0x0000000780800000|  0%| F|  |TAMS 0x0000000780700000, 0x0000000780700000| Untracked 
|   8|0x0000000780800000, 0x0000000780800000, 0x0000000780900000|  0%| F|  |TAMS 0x0000000780800000, 0x0000000780800000| Untracked 
|   9|0x0000000780900000, 0x0000000780900000, 0x0000000780a00000|  0%| F|  |TAMS 0x0000000780900000, 0x0000000780900000| Untracked 
|  10|0x0000000780a00000, 0x0000000780a00000, 0x0000000780b00000|  0%| F|  |TAMS 0x0000000780a00000, 0x0000000780a00000| Untracked 
|  11|0x0000000780b00000, 0x0000000780b00000, 0x0000000780c00000|  0%| F|  |TAMS 0x0000000780b00000, 0x0000000780b00000| Untracked 
|  12|0x0000000780c00000, 0x0000000780c00000, 0x0000000780d00000|  0%| F|  |TAMS 0x0000000780c00000, 0x0000000780c00000| Untracked 
|  13|0x0000000780d00000, 0x0000000780d00000, 0x0000000780e00000|  0%| F|  |TAMS 0x0000000780d00000, 0x0000000780d00000| Untracked 
|  14|0x0000000780e00000, 0x0000000780e00000, 0x0000000780f00000|  0%| F|  |TAMS 0x0000000780e00000, 0x0000000780e00000| Untracked 
|  15|0x0000000780f00000, 0x0000000780f00000, 0x0000000781000000|  0%| F|  |TAMS 0x0000000780f00000, 0x0000000780f00000| Untracked 
|  16|0x0000000781000000, 0x0000000781000000, 0x0000000781100000|  0%| F|  |TAMS 0x0000000781000000, 0x0000000781000000| Untracked 
|  17|0x0000000781100000, 0x0000000781100000, 0x0000000781200000|  0%| F|  |TAMS 0x0000000781100000, 0x0000000781100000| Untracked 
|  18|0x0000000781200000, 0x0000000781200000, 0x0000000781300000|  0%| F|  |TAMS 0x0000000781200000, 0x0000000781200000| Untracked 
|  19|0x0000000781300000, 0x0000000781300000, 0x0000000781400000|  0%| F|  |TAMS 0x0000000781300000, 0x0000000781300000| Untracked 
|  20|0x0000000781400000, 0x0000000781400000, 0x0000000781500000|  0%| F|  |TAMS 0x0000000781400000, 0x0000000781400000| Untracked 
|  21|0x0000000781500000, 0x0000000781500000, 0x0000000781600000|  0%| F|  |TAMS 0x0000000781500000, 0x0000000781500000| Untracked 
|  22|0x0000000781600000, 0x0000000781600000, 0x0000000781700000|  0%| F|  |TAMS 0x0000000781600000, 0x0000000781600000| Untracked 
|  23|0x0000000781700000, 0x0000000781700000, 0x0000000781800000|  0%| F|  |TAMS 0x0000000781700000, 0x0000000781700000| Untracked 
|  24|0x0000000781800000, 0x0000000781800000, 0x0000000781900000|  0%| F|  |TAMS 0x0000000781800000, 0x0000000781800000| Untracked 
|  25|0x0000000781900000, 0x0000000781900000, 0x0000000781a00000|  0%| F|  |TAMS 0x0000000781900000, 0x0000000781900000| Untracked 
|  26|0x0000000781a00000, 0x0000000781a00000, 0x0000000781b00000|  0%| F|  |TAMS 0x0000000781a00000, 0x0000000781a00000| Untracked 
|  27|0x0000000781b00000, 0x0000000781b00000, 0x0000000781c00000|  0%| F|  |TAMS 0x0000000781b00000, 0x0000000781b00000| Untracked 
|  28|0x0000000781c00000, 0x0000000781c00000, 0x0000000781d00000|  0%| F|  |TAMS 0x0000000781c00000, 0x0000000781c00000| Untracked 
|  29|0x0000000781d00000, 0x0000000781d00000, 0x0000000781e00000|  0%| F|  |TAMS 0x0000000781d00000, 0x0000000781d00000| Untracked 
|  30|0x0000000781e00000, 0x0000000781e00000, 0x0000000781f00000|  0%| F|  |TAMS 0x0000000781e00000, 0x0000000781e00000| Untracked 
|  31|0x0000000781f00000, 0x0000000781f00000, 0x0000000782000000|  0%| F|  |TAMS 0x0000000781f00000, 0x0000000781f00000| Untracked 
|  32|0x0000000782000000, 0x0000000782000000, 0x0000000782100000|  0%| F|  |TAMS 0x0000000782000000, 0x0000000782000000| Untracked 
|  33|0x0000000782100000, 0x0000000782100000, 0x0000000782200000|  0%| F|  |TAMS 0x0000000782100000, 0x0000000782100000| Untracked 
|  34|0x0000000782200000, 0x0000000782200000, 0x0000000782300000|  0%| F|  |TAMS 0x0000000782200000, 0x0000000782200000| Untracked 
|  35|0x0000000782300000, 0x0000000782300000, 0x0000000782400000|  0%| F|  |TAMS 0x0000000782300000, 0x0000000782300000| Untracked 
|  36|0x0000000782400000, 0x0000000782400000, 0x0000000782500000|  0%| F|  |TAMS 0x0000000782400000, 0x0000000782400000| Untracked 
|  37|0x0000000782500000, 0x0000000782500000, 0x0000000782600000|  0%| F|  |TAMS 0x0000000782500000, 0x0000000782500000| Untracked 
|  38|0x0000000782600000, 0x0000000782600000, 0x0000000782700000|  0%| F|  |TAMS 0x0000000782600000, 0x0000000782600000| Untracked 
|  39|0x0000000782700000, 0x0000000782700000, 0x0000000782800000|  0%| F|  |TAMS 0x0000000782700000, 0x0000000782700000| Untracked 
|  40|0x0000000782800000, 0x0000000782800000, 0x0000000782900000|  0%| F|  |TAMS 0x0000000782800000, 0x0000000782800000| Untracked 
|  41|0x0000000782900000, 0x0000000782900000, 0x0000000782a00000|  0%| F|  |TAMS 0x0000000782900000, 0x0000000782900000| Untracked 
|  42|0x0000000782a00000, 0x0000000782a00000, 0x0000000782b00000|  0%| F|  |TAMS 0x0000000782a00000, 0x0000000782a00000| Untracked 
|  43|0x0000000782b00000, 0x0000000782b00000, 0x0000000782c00000|  0%| F|  |TAMS 0x0000000782b00000, 0x0000000782b00000| Untracked 
|  44|0x0000000782c00000, 0x0000000782c00000, 0x0000000782d00000|  0%| F|  |TAMS 0x0000000782c00000, 0x0000000782c00000| Untracked 
|  45|0x0000000782d00000, 0x0000000782d00000, 0x0000000782e00000|  0%| F|  |TAMS 0x0000000782d00000, 0x0000000782d00000| Untracked 
|  46|0x0000000782e00000, 0x0000000782e00000, 0x0000000782f00000|  0%| F|  |TAMS 0x0000000782e00000, 0x0000000782e00000| Untracked 
|  47|0x0000000782f00000, 0x0000000782f00000, 0x0000000783000000|  0%| F|  |TAMS 0x0000000782f00000, 0x0000000782f00000| Untracked 
|  48|0x0000000783000000, 0x0000000783000000, 0x0000000783100000|  0%| F|  |TAMS 0x0000000783000000, 0x0000000783000000| Untracked 
|  49|0x0000000783100000, 0x0000000783100000, 0x0000000783200000|  0%| F|  |TAMS 0x0000000783100000, 0x0000000783100000| Untracked 
|  50|0x0000000783200000, 0x0000000783200000, 0x0000000783300000|  0%| F|  |TAMS 0x0000000783200000, 0x0000000783200000| Untracked 
|  51|0x0000000783300000, 0x0000000783300000, 0x0000000783400000|  0%| F|  |TAMS 0x0000000783300000, 0x0000000783300000| Untracked 
|  52|0x0000000783400000, 0x0000000783400000, 0x0000000783500000|  0%| F|  |TAMS 0x0000000783400000, 0x0000000783400000| Untracked 
|  53|0x0000000783500000, 0x0000000783500000, 0x0000000783600000|  0%| F|  |TAMS 0x0000000783500000, 0x0000000783500000| Untracked 
|  54|0x0000000783600000, 0x0000000783600000, 0x0000000783700000|  0%| F|  |TAMS 0x0000000783600000, 0x0000000783600000| Untracked 
|  55|0x0000000783700000, 0x0000000783700000, 0x0000000783800000|  0%| F|  |TAMS 0x0000000783700000, 0x0000000783700000| Untracked 
|  56|0x0000000783800000, 0x0000000783800000, 0x0000000783900000|  0%| F|  |TAMS 0x0000000783800000, 0x0000000783800000| Untracked 
|  57|0x0000000783900000, 0x0000000783900000, 0x0000000783a00000|  0%| F|  |TAMS 0x0000000783900000, 0x0000000783900000| Untracked 
|  58|0x0000000783a00000, 0x0000000783a00000, 0x0000000783b00000|  0%| F|  |TAMS 0x0000000783a00000, 0x0000000783a00000| Untracked 
|  59|0x0000000783b00000, 0x0000000783b00000, 0x0000000783c00000|  0%| F|  |TAMS 0x0000000783b00000, 0x0000000783b00000| Untracked 
|  60|0x0000000783c00000, 0x0000000783c00000, 0x0000000783d00000|  0%| F|  |TAMS 0x0000000783c00000, 0x0000000783c00000| Untracked 
|  61|0x0000000783d00000, 0x0000000783d00000, 0x0000000783e00000|  0%| F|  |TAMS 0x0000000783d00000, 0x0000000783d00000| Untracked 
|  62|0x0000000783e00000, 0x0000000783e00000, 0x0000000783f00000|  0%| F|  |TAMS 0x0000000783e00000, 0x0000000783e00000| Untracked 
|  63|0x0000000783f00000, 0x0000000783f00000, 0x0000000784000000|  0%| F|  |TAMS 0x0000000783f00000, 0x0000000783f00000| Untracked 
|  64|0x0000000784000000, 0x0000000784000000, 0x0000000784100000|  0%| F|  |TAMS 0x0000000784000000, 0x0000000784000000| Untracked 
|  65|0x0000000784100000, 0x0000000784100000, 0x0000000784200000|  0%| F|  |TAMS 0x0000000784100000, 0x0000000784100000| Untracked 
|  66|0x0000000784200000, 0x0000000784200000, 0x0000000784300000|  0%| F|  |TAMS 0x0000000784200000, 0x0000000784200000| Untracked 
|  67|0x0000000784300000, 0x0000000784300000, 0x0000000784400000|  0%| F|  |TAMS 0x0000000784300000, 0x0000000784300000| Untracked 
|  68|0x0000000784400000, 0x0000000784400000, 0x0000000784500000|  0%| F|  |TAMS 0x0000000784400000, 0x0000000784400000| Untracked 
|  69|0x0000000784500000, 0x0000000784500000, 0x0000000784600000|  0%| F|  |TAMS 0x0000000784500000, 0x0000000784500000| Untracked 
|  70|0x0000000784600000, 0x0000000784600000, 0x0000000784700000|  0%| F|  |TAMS 0x0000000784600000, 0x0000000784600000| Untracked 
|  71|0x0000000784700000, 0x0000000784700000, 0x0000000784800000|  0%| F|  |TAMS 0x0000000784700000, 0x0000000784700000| Untracked 
|  72|0x0000000784800000, 0x0000000784800000, 0x0000000784900000|  0%| F|  |TAMS 0x0000000784800000, 0x0000000784800000| Untracked 
|  73|0x0000000784900000, 0x0000000784900000, 0x0000000784a00000|  0%| F|  |TAMS 0x0000000784900000, 0x0000000784900000| Untracked 
|  74|0x0000000784a00000, 0x0000000784a00000, 0x0000000784b00000|  0%| F|  |TAMS 0x0000000784a00000, 0x0000000784a00000| Untracked 
|  75|0x0000000784b00000, 0x0000000784b00000, 0x0000000784c00000|  0%| F|  |TAMS 0x0000000784b00000, 0x0000000784b00000| Untracked 
|  76|0x0000000784c00000, 0x0000000784c00000, 0x0000000784d00000|  0%| F|  |TAMS 0x0000000784c00000, 0x0000000784c00000| Untracked 
|  77|0x0000000784d00000, 0x0000000784d00000, 0x0000000784e00000|  0%| F|  |TAMS 0x0000000784d00000, 0x0000000784d00000| Untracked 
|  78|0x0000000784e00000, 0x0000000784e00000, 0x0000000784f00000|  0%| F|  |TAMS 0x0000000784e00000, 0x0000000784e00000| Untracked 
|  79|0x0000000784f00000, 0x0000000784f00000, 0x0000000785000000|  0%| F|  |TAMS 0x0000000784f00000, 0x0000000784f00000| Untracked 
|  80|0x0000000785000000, 0x0000000785000000, 0x0000000785100000|  0%| F|  |TAMS 0x0000000785000000, 0x0000000785000000| Untracked 
|  81|0x0000000785100000, 0x0000000785100000, 0x0000000785200000|  0%| F|  |TAMS 0x0000000785100000, 0x0000000785100000| Untracked 
|  82|0x0000000785200000, 0x0000000785200000, 0x0000000785300000|  0%| F|  |TAMS 0x0000000785200000, 0x0000000785200000| Untracked 
|  83|0x0000000785300000, 0x0000000785300000, 0x0000000785400000|  0%| F|  |TAMS 0x0000000785300000, 0x0000000785300000| Untracked 
|  84|0x0000000785400000, 0x0000000785400000, 0x0000000785500000|  0%| F|  |TAMS 0x0000000785400000, 0x0000000785400000| Untracked 
|  85|0x0000000785500000, 0x0000000785500000, 0x0000000785600000|  0%| F|  |TAMS 0x0000000785500000, 0x0000000785500000| Untracked 
|  86|0x0000000785600000, 0x0000000785600000, 0x0000000785700000|  0%| F|  |TAMS 0x0000000785600000, 0x0000000785600000| Untracked 
|  87|0x0000000785700000, 0x0000000785700000, 0x0000000785800000|  0%| F|  |TAMS 0x0000000785700000, 0x0000000785700000| Untracked 
|  88|0x0000000785800000, 0x0000000785800000, 0x0000000785900000|  0%| F|  |TAMS 0x0000000785800000, 0x0000000785800000| Untracked 
|  89|0x0000000785900000, 0x0000000785900000, 0x0000000785a00000|  0%| F|  |TAMS 0x0000000785900000, 0x0000000785900000| Untracked 
|  90|0x0000000785a00000, 0x0000000785a00000, 0x0000000785b00000|  0%| F|  |TAMS 0x0000000785a00000, 0x0000000785a00000| Untracked 
|  91|0x0000000785b00000, 0x0000000785b00000, 0x0000000785c00000|  0%| F|  |TAMS 0x0000000785b00000, 0x0000000785b00000| Untracked 
|  92|0x0000000785c00000, 0x0000000785c00000, 0x0000000785d00000|  0%| F|  |TAMS 0x0000000785c00000, 0x0000000785c00000| Untracked 
|  93|0x0000000785d00000, 0x0000000785d00000, 0x0000000785e00000|  0%| F|  |TAMS 0x0000000785d00000, 0x0000000785d00000| Untracked 
|  94|0x0000000785e00000, 0x0000000785e00000, 0x0000000785f00000|  0%| F|  |TAMS 0x0000000785e00000, 0x0000000785e00000| Untracked 
|  95|0x0000000785f00000, 0x0000000785f00000, 0x0000000786000000|  0%| F|  |TAMS 0x0000000785f00000, 0x0000000785f00000| Untracked 
|  96|0x0000000786000000, 0x0000000786000000, 0x0000000786100000|  0%| F|  |TAMS 0x0000000786000000, 0x0000000786000000| Untracked 
|  97|0x0000000786100000, 0x0000000786100000, 0x0000000786200000|  0%| F|  |TAMS 0x0000000786100000, 0x0000000786100000| Untracked 
|  98|0x0000000786200000, 0x0000000786200000, 0x0000000786300000|  0%| F|  |TAMS 0x0000000786200000, 0x0000000786200000| Untracked 
|  99|0x0000000786300000, 0x0000000786300000, 0x0000000786400000|  0%| F|  |TAMS 0x0000000786300000, 0x0000000786300000| Untracked 
| 100|0x0000000786400000, 0x0000000786400000, 0x0000000786500000|  0%| F|  |TAMS 0x0000000786400000, 0x0000000786400000| Untracked 
| 101|0x0000000786500000, 0x0000000786500000, 0x0000000786600000|  0%| F|  |TAMS 0x0000000786500000, 0x0000000786500000| Untracked 
| 102|0x0000000786600000, 0x0000000786600000, 0x0000000786700000|  0%| F|  |TAMS 0x0000000786600000, 0x0000000786600000| Untracked 
| 103|0x0000000786700000, 0x0000000786700000, 0x0000000786800000|  0%| F|  |TAMS 0x0000000786700000, 0x0000000786700000| Untracked 
| 104|0x0000000786800000, 0x0000000786800000, 0x0000000786900000|  0%| F|  |TAMS 0x0000000786800000, 0x0000000786800000| Untracked 
| 105|0x0000000786900000, 0x0000000786900000, 0x0000000786a00000|  0%| F|  |TAMS 0x0000000786900000, 0x0000000786900000| Untracked 
| 106|0x0000000786a00000, 0x0000000786a00000, 0x0000000786b00000|  0%| F|  |TAMS 0x0000000786a00000, 0x0000000786a00000| Untracked 
| 107|0x0000000786b00000, 0x0000000786b00000, 0x0000000786c00000|  0%| F|  |TAMS 0x0000000786b00000, 0x0000000786b00000| Untracked 
| 108|0x0000000786c00000, 0x0000000786c00000, 0x0000000786d00000|  0%| F|  |TAMS 0x0000000786c00000, 0x0000000786c00000| Untracked 
| 109|0x0000000786d00000, 0x0000000786d00000, 0x0000000786e00000|  0%| F|  |TAMS 0x0000000786d00000, 0x0000000786d00000| Untracked 
| 110|0x0000000786e00000, 0x0000000786e00000, 0x0000000786f00000|  0%| F|  |TAMS 0x0000000786e00000, 0x0000000786e00000| Untracked 
| 111|0x0000000786f00000, 0x0000000786f00000, 0x0000000787000000|  0%| F|  |TAMS 0x0000000786f00000, 0x0000000786f00000| Untracked 
| 112|0x0000000787000000, 0x0000000787000000, 0x0000000787100000|  0%| F|  |TAMS 0x0000000787000000, 0x0000000787000000| Untracked 
| 113|0x0000000787100000, 0x0000000787100000, 0x0000000787200000|  0%| F|  |TAMS 0x0000000787100000, 0x0000000787100000| Untracked 
| 114|0x0000000787200000, 0x0000000787200000, 0x0000000787300000|  0%| F|  |TAMS 0x0000000787200000, 0x0000000787200000| Untracked 
| 115|0x0000000787300000, 0x0000000787300000, 0x0000000787400000|  0%| F|  |TAMS 0x0000000787300000, 0x0000000787300000| Untracked 
| 116|0x0000000787400000, 0x0000000787400000, 0x0000000787500000|  0%| F|  |TAMS 0x0000000787400000, 0x0000000787400000| Untracked 
| 117|0x0000000787500000, 0x0000000787500000, 0x0000000787600000|  0%| F|  |TAMS 0x0000000787500000, 0x0000000787500000| Untracked 
| 118|0x0000000787600000, 0x0000000787600000, 0x0000000787700000|  0%| F|  |TAMS 0x0000000787600000, 0x0000000787600000| Untracked 
| 119|0x0000000787700000, 0x0000000787700000, 0x0000000787800000|  0%| F|  |TAMS 0x0000000787700000, 0x0000000787700000| Untracked 
| 120|0x0000000787800000, 0x0000000787800000, 0x0000000787900000|  0%| F|  |TAMS 0x0000000787800000, 0x0000000787800000| Untracked 
| 121|0x0000000787900000, 0x0000000787900000, 0x0000000787a00000|  0%| F|  |TAMS 0x0000000787900000, 0x0000000787900000| Untracked 
| 122|0x0000000787a00000, 0x0000000787a00000, 0x0000000787b00000|  0%| F|  |TAMS 0x0000000787a00000, 0x0000000787a00000| Untracked 
| 123|0x0000000787b00000, 0x0000000787b00000, 0x0000000787c00000|  0%| F|  |TAMS 0x0000000787b00000, 0x0000000787b00000| Untracked 
| 124|0x0000000787c00000, 0x0000000787c00000, 0x0000000787d00000|  0%| F|  |TAMS 0x0000000787c00000, 0x0000000787c00000| Untracked 
| 125|0x0000000787d00000, 0x0000000787d00000, 0x0000000787e00000|  0%| F|  |TAMS 0x0000000787d00000, 0x0000000787d00000| Untracked 
| 126|0x0000000787e00000, 0x0000000787e76448, 0x0000000787f00000| 46%| E|  |TAMS 0x0000000787e00000, 0x0000000787e00000| Complete 
| 127|0x0000000787f00000, 0x0000000788000000, 0x0000000788000000|100%| E|CS|TAMS 0x0000000787f00000, 0x0000000787f00000| Complete 
|1022|0x00000007bfe00000, 0x00000007bfe51000, 0x00000007bff00000| 31%|OA|  |TAMS 0x00000007bfe00000, 0x00000007bfe00000| Untracked 
|1023|0x00000007bff00000, 0x00000007bff79000, 0x00000007c0000000| 47%|CA|  |TAMS 0x00000007bff00000, 0x00000007bff00000| Untracked 

Card table byte_map: [0x000000012937a000,0x000000012977a000] _byte_map_base: 0x000000012577a000

Marking Bits (Prev, Next): (CMBitMap*) 0x00007fcd3b809810, (CMBitMap*) 0x00007fcd3b809850
 Prev Bits: [0x0000000129b7a000, 0x000000012bb7a000)
 Next Bits: [0x000000012bb7a000, 0x000000012db7a000)

Polling page: 0x0000000102f1c000

Metaspace:

Usage:
  Non-class:      4.01 MB capacity,   625.94 KB ( 15%) used,     3.40 MB ( 85%) free+waste,   320 bytes ( <1%) overhead. 
      Class:    389.00 KB capacity,    69.20 KB ( 18%) used,   319.55 KB ( 82%) free+waste,   256 bytes ( <1%) overhead. 
       Both:      4.39 MB capacity,   695.13 KB ( 15%) used,     3.71 MB ( 85%) free+waste,   576 bytes ( <1%) overhead. 

Virtual space:
  Non-class space:        8.00 MB reserved,       4.25 MB ( 53%) committed 
      Class space:        1.00 GB reserved,     512.00 KB ( <1%) committed 
             Both:        1.01 GB reserved,       4.75 MB ( <1%) committed 

Chunk freelists:
   Non-Class:  2.00 KB
       Class:  1.00 KB
        Both:  3.00 KB

MaxMetaspaceSize: 17179869184.00 GB
CompressedClassSpaceSize: 1.00 GB

CodeHeap 'non-profiled nmethods': size=120028Kb used=50Kb max_used=50Kb free=119977Kb
 bounds [0x0000000121a43000, 0x0000000121cb3000, 0x0000000128f7a000]
CodeHeap 'profiled nmethods': size=120028Kb used=198Kb max_used=198Kb free=119829Kb
 bounds [0x000000011a50c000, 0x000000011a77c000, 0x0000000121a43000]
CodeHeap 'non-nmethods': size=5704Kb used=1107Kb max_used=1121Kb free=4596Kb
 bounds [0x0000000119f7a000, 0x000000011a1ea000, 0x000000011a50c000]
 total_blobs=525 nmethods=170 adapters=270
 compilation: enabled
              stopped_count=0, restarted_count=0
 full_count=0

Compilation events (20 events):
Event: 0.187 Thread 0x00007fcd3b888a00 nmethod 155 0x000000011a539590 code [0x000000011a5397c0, 0x000000011a53a1d0]
Event: 0.187 Thread 0x00007fcd3b888a00  157       3       jdk.internal.org.objectweb.asm.SymbolTable$Entry::<init> (17 bytes)
Event: 0.187 Thread 0x00007fcd3b888a00 nmethod 157 0x000000011a53a510 code [0x000000011a53a6a0, 0x000000011a53a800]
Event: 0.187 Thread 0x00007fcd3b888a00  159       3       java.lang.invoke.MethodType$ConcurrentWeakInternSet::get (47 bytes)
Event: 0.188 Thread 0x00007fcd3b888a00 nmethod 159 0x000000011a53a890 code [0x000000011a53aac0, 0x000000011a53b430]
Event: 0.188 Thread 0x00007fcd3b888a00  165       3       java.util.regex.Pattern::peek (26 bytes)
Event: 0.188 Thread 0x00007fcd3b888a00 nmethod 165 0x000000011a53b790 code [0x000000011a53b940, 0x000000011a53bba0]
Event: 0.188 Thread 0x00007fcd3b888a00  166       3       java.util.regex.ASCII::isAscii (13 bytes)
Event: 0.188 Thread 0x00007fcd3b888a00 nmethod 166 0x000000011a53bd10 code [0x000000011a53bea0, 0x000000011a53bfd0]
Event: 0.188 Thread 0x00007fcd3b888a00  167       3       java.util.regex.Pattern::next (33 bytes)
Event: 0.188 Thread 0x00007fcd3b888a00 nmethod 167 0x000000011a53c090 code [0x000000011a53c240, 0x000000011a53c4a0]
Event: 0.188 Thread 0x00007fcd3b888a00  164       3       java.lang.invoke.MethodType::equals (56 bytes)
Event: 0.189 Thread 0x00007fcd3b888a00 nmethod 164 0x000000011a53c610 code [0x000000011a53c820, 0x000000011a53d390]
Event: 0.189 Thread 0x00007fcd3b888a00  161       1       sun.invoke.util.Wrapper::basicTypeChar (5 bytes)
Event: 0.189 Thread 0x00007fcd3b888a00 nmethod 161 0x0000000121a4ec10 code [0x0000000121a4eda0, 0x0000000121a4ee50]
Event: 0.192 Thread 0x00007fcd3b888a00  168       1       java.nio.Buffer::position (5 bytes)
Event: 0.192 Thread 0x00007fcd3b888a00 nmethod 168 0x0000000121a4ef10 code [0x0000000121a4f0a0, 0x0000000121a4f150]
Event: 0.192 Thread 0x00007fcd3b888a00  169       3       java.nio.Buffer::checkSegment (17 bytes)
Event: 0.193 Thread 0x00007fcd3b888a00 nmethod 169 0x000000011a53d590 code [0x000000011a53d720, 0x000000011a53d880]
Event: 0.195 Thread 0x00007fcd3b888a00  170       1       java.nio.Buffer::limit (5 bytes)

GC Heap History (0 events):
No events

Deoptimization events (4 events):
Event: 0.182 Thread 0x00007fcd3c00a400 Uncommon trap: trap_request=0xffffff45 fr.pc=0x0000000121a4c5d8 relative=0x0000000000000058
Event: 0.182 Thread 0x00007fcd3c00a400 Uncommon trap: reason=unstable_if action=reinterpret pc=0x0000000121a4c5d8 method=java.lang.String.isLatin1()Z @ 10 c2
Event: 0.182 Thread 0x00007fcd3c00a400 DEOPT PACKING pc=0x0000000121a4c5d8 sp=0x000000030a2bb3a0
Event: 0.182 Thread 0x00007fcd3c00a400 DEOPT UNPACKING pc=0x0000000119fc7e1f sp=0x000000030a2bb350 mode 2

Classes unloaded (0 events):
No events

Classes redefined (0 events):
No events

Internal exceptions (0 events):
No events

Events (20 events):
Event: 0.189 loading class java/nio/channels/spi/AbstractInterruptibleChannel$1
Event: 0.189 loading class sun/nio/ch/Interruptible
Event: 0.189 loading class sun/nio/ch/Interruptible done
Event: 0.189 loading class java/nio/channels/spi/AbstractInterruptibleChannel$1 done
Event: 0.189 loading class sun/nio/ch/NativeThread
Event: 0.189 loading class sun/nio/ch/NativeThread done
Event: 0.190 loading class sun/nio/ch/Util
Event: 0.190 loading class sun/nio/ch/Util done
Event: 0.190 loading class sun/nio/ch/Util$1
Event: 0.190 loading class sun/nio/ch/Util$1 done
Event: 0.190 loading class sun/nio/ch/Util$BufferCache
Event: 0.190 loading class sun/nio/ch/Util$BufferCache done
Event: 0.191 loading class java/nio/DirectByteBuffer$Deallocator
Event: 0.191 loading class java/nio/DirectByteBuffer$Deallocator done
Event: 0.192 loading class sun/nio/ch/IOStatus
Event: 0.192 loading class sun/nio/ch/IOStatus done
Event: 0.192 loading class java/util/regex/Pattern$1
Event: 0.192 loading class java/util/regex/Pattern$1 done
Event: 0.193 loading class java/lang/NumberFormatException
Event: 0.193 loading class java/lang/NumberFormatException done


Dynamic libraries:
0x00007ffdffd3e000 	/Library/Apple/usr/libexec/oah/runtime
0x00007fff2a5c8000 	/usr/lib/libz.1.dylib
0x000000010b1c0000 	/Library/Java/JavaVirtualMachines/jdk-15.0.1.jdk/Contents/Home/lib/libjli.dylib
0x00007fff35266000 	/System/Library/Frameworks/Cocoa.framework/Versions/A/Cocoa
0x00007fff22125000 	/System/Library/Frameworks/Security.framework/Versions/A/Security
0x00007fff33465000 	/System/Library/Frameworks/ApplicationServices.framework/Versions/A/ApplicationServices
0x00007fff2a694000 	/usr/lib/libSystem.B.dylib
0x00007fff2a68e000 	/usr/lib/system/libcache.dylib
0x00007fff2a64a000 	/usr/lib/system/libcommonCrypto.dylib
0x00007fff2a674000 	/usr/lib/system/libcompiler_rt.dylib
0x00007fff2a669000 	/usr/lib/system/libcopyfile.dylib
0x00007fff200c6000 	/usr/lib/system/libcorecrypto.dylib
0x00007fff20192000 	/usr/lib/system/libdispatch.dylib
0x00007fff20347000 	/usr/lib/system/libdyld.dylib
0x00007fff2a685000 	/usr/lib/system/libkeymgr.dylib
0x00007fff2dc23000 	/usr/lib/system/liblaunch.dylib
0x00007fff2a628000 	/usr/lib/system/libmacho.dylib
0x00007fff29e3e000 	/usr/lib/system/libquarantine.dylib
0x00007fff2a682000 	/usr/lib/system/libremovefile.dylib
0x00007fff24aba000 	/usr/lib/system/libsystem_asl.dylib
0x00007fff20076000 	/usr/lib/system/libsystem_blocks.dylib
0x00007fff20214000 	/usr/lib/system/libsystem_c.dylib
0x00007fff2a67c000 	/usr/lib/system/libsystem_collections.dylib
0x00007fff2922b000 	/usr/lib/system/libsystem_configuration.dylib
0x00007fff2851b000 	/usr/lib/system/libsystem_containermanager.dylib
0x00007fff2a3c0000 	/usr/lib/system/libsystem_coreservices.dylib
0x00007fff226d9000 	/usr/lib/system/libsystem_darwin.dylib
0x00007fff2a686000 	/usr/lib/system/libsystem_dnssd.dylib
0x00007fff20211000 	/usr/lib/system/libsystem_featureflags.dylib
0x00007fff2038c000 	/usr/lib/system/libsystem_info.dylib
0x00007fff2a5db000 	/usr/lib/system/libsystem_m.dylib
0x00007fff20165000 	/usr/lib/system/libsystem_malloc.dylib
0x00007fff24a4e000 	/usr/lib/system/libsystem_networkextension.dylib
0x00007fff22af3000 	/usr/lib/system/libsystem_notify.dylib
0x00007fff300d0000 	/usr/lib/system/libsystem_product_info_filter.dylib
0x00007fff2922f000 	/usr/lib/system/libsystem_sandbox.dylib
0x00007fff2a67f000 	/usr/lib/system/libsystem_secinit.dylib
0x00007fff2030c000 	/usr/lib/system/libsystem_kernel.dylib
0x00007fff20382000 	/usr/lib/system/libsystem_platform.dylib
0x00007fff2033b000 	/usr/lib/system/libsystem_pthread.dylib
0x00007fff261e7000 	/usr/lib/system/libsystem_symptoms.dylib
0x00007fff200ae000 	/usr/lib/system/libsystem_trace.dylib
0x00007fff2a656000 	/usr/lib/system/libunwind.dylib
0x00007fff20078000 	/usr/lib/system/libxpc.dylib
0x00007fff202f3000 	/usr/lib/libc++abi.dylib
0x00007fff201d7000 	/usr/lib/libobjc.A.dylib
0x00007fff2a661000 	/usr/lib/liboah.dylib
0x00007fff2029d000 	/usr/lib/libc++.1.dylib
0x00007fff203b8000 	/System/Library/Frameworks/CoreFoundation.framework/Versions/A/CoreFoundation
0x00007fff2109a000 	/System/Library/Frameworks/Foundation.framework/Versions/C/Foundation
0x00007fff22b4b000 	/System/Library/Frameworks/AppKit.framework/Versions/C/AppKit
0x00007fff25a07000 	/System/Library/Frameworks/CoreData.framework/Versions/A/CoreData
0x00007fff238ae000 	/System/Library/PrivateFrameworks/UIFoundation.framework/Versions/A/UIFoundation
0x00007fff2fe49000 	/System/Library/PrivateFrameworks/RemoteViewServices.framework/Versions/A/RemoteViewServices
0x00007fff28be5000 	/System/Library/PrivateFrameworks/XCTTargetBootstrap.framework/Versions/A/XCTTargetBootstrap
0x00007fff2b931000 	/usr/lib/libspindump.dylib
0x00007fff23b02000 	/System/Library/Frameworks/UniformTypeIdentifiers.framework/Versions/A/UniformTypeIdentifiers
0x00007fff273bc000 	/usr/lib/libapp_launch_measurement.dylib
0x00007fff273bf000 	/System/Library/PrivateFrameworks/CoreAutoLayout.framework/Versions/A/CoreAutoLayout
0x00007fff28547000 	/System/Library/Frameworks/Metal.framework/Versions/A/Metal
0x00007fff2923a000 	/usr/lib/liblangid.dylib
0x00007fff28be9000 	/System/Library/PrivateFrameworks/CoreSVG.framework/Versions/A/CoreSVG
0x00007fff24ae9000 	/System/Library/PrivateFrameworks/SkyLight.framework/Versions/A/SkyLight
0x00007fff24e4f000 	/System/Library/Frameworks/CoreGraphics.framework/Versions/A/CoreGraphics
0x00007fff304a0000 	/System/Library/Frameworks/Accelerate.framework/Versions/A/Accelerate
0x00007fff2b36c000 	/System/Library/PrivateFrameworks/IconServices.framework/Versions/A/IconServices
0x00007fff2852c000 	/System/Library/Frameworks/IOSurface.framework/Versions/A/IOSurface
0x00007fff26399000 	/usr/lib/libDiagnosticMessagesClient.dylib
0x00007fff28bd1000 	/System/Library/PrivateFrameworks/DFRFoundation.framework/Versions/A/DFRFoundation
0x00007fff22477000 	/usr/lib/libicucore.A.dylib
0x00007fff2ce71000 	/System/Library/Frameworks/AudioToolbox.framework/Versions/A/AudioToolbox
0x00007fff2c117000 	/System/Library/PrivateFrameworks/DataDetectorsCore.framework/Versions/A/DataDetectorsCore
0x00007fff288d1000 	/System/Library/Frameworks/Carbon.framework/Versions/A/Frameworks/HIToolbox.framework/Versions/A/HIToolbox
0x00007fff26e14000 	/System/Library/Frameworks/QuartzCore.framework/Versions/A/QuartzCore
0x00007fff2fe85000 	/System/Library/Frameworks/Carbon.framework/Versions/A/Frameworks/SpeechRecognition.framework/Versions/A/SpeechRecognition
0x00007fff27124000 	/System/Library/PrivateFrameworks/CoreUI.framework/Versions/A/CoreUI
0x00007fff21a81000 	/System/Library/Frameworks/CoreAudio.framework/Versions/A/CoreAudio
0x00007fff26484000 	/System/Library/Frameworks/DiskArbitration.framework/Versions/A/DiskArbitration
0x00007fff2bd2b000 	/System/Library/PrivateFrameworks/MultitouchSupport.framework/Versions/A/MultitouchSupport
0x00007fff2c10e000 	/System/Library/PrivateFrameworks/InternationalSupport.framework/Versions/A/InternationalSupport
0x00007fff24a5d000 	/usr/lib/libenergytrace.dylib
0x00007fff22a45000 	/System/Library/Frameworks/IOKit.framework/Versions/A/IOKit
0x00007fff301d2000 	/System/Library/Frameworks/CoreServices.framework/Versions/A/CoreServices
0x00007fff27352000 	/System/Library/PrivateFrameworks/PerformanceAnalysis.framework/Versions/A/PerformanceAnalysis
0x00007fff6cadb000 	/System/Library/Frameworks/OpenGL.framework/Versions/A/OpenGL
0x00007fff2c193000 	/System/Library/PrivateFrameworks/UserActivity.framework/Versions/A/UserActivity
0x00007fff25509000 	/System/Library/Frameworks/ColorSync.framework/Versions/A/ColorSync
0x00007fff28e51000 	/System/Library/Frameworks/CoreImage.framework/Versions/A/CoreImage
0x00007fff21898000 	/System/Library/Frameworks/CoreText.framework/Versions/A/CoreText
0x00007fff28c13000 	/System/Library/Frameworks/ImageIO.framework/Versions/A/ImageIO
0x00007fff2a69a000 	/System/Library/PrivateFrameworks/SoftLinking.framework/Versions/A/SoftLinking
0x00007fff27408000 	/usr/lib/libxml2.2.dylib
0x00007fff2a90c000 	/usr/lib/libcompression.dylib
0x00007fff24a5e000 	/usr/lib/libMobileGestalt.dylib
0x00007fff2c041000 	/System/Library/PrivateFrameworks/TextureIO.framework/Versions/A/TextureIO
0x00007fff2aff9000 	/usr/lib/libate.dylib
0x00007fff2ad25000 	/usr/lib/liblzma.5.dylib
0x00007fff20dae000 	/System/Library/Frameworks/SystemConfiguration.framework/Versions/A/SystemConfiguration
0x00007fff2a696000 	/usr/lib/libfakelink.dylib
0x00007fff245b0000 	/System/Library/Frameworks/CFNetwork.framework/Versions/A/CFNetwork
0x00007fff2a7d6000 	/usr/lib/libarchive.2.dylib
0x00007fff20e2c000 	/usr/lib/libCRFSuite.dylib
0x00007fff29e65000 	/usr/lib/libbsm.0.dylib
0x00007fff23f6c000 	/usr/lib/libnetwork.dylib
0x00007fff2a69b000 	/usr/lib/libpcap.A.dylib
0x00007fff261e0000 	/usr/lib/libdns_services.dylib
0x00007fff2ad3e000 	/usr/lib/libcoretls_cfhelpers.dylib
0x00007fff2a8da000 	/usr/lib/libapple_nghttp2.dylib
0x00007fff2a62e000 	/usr/lib/system/libkxld.dylib
0x00007fff25e4e000 	/usr/lib/libsqlite3.dylib
0x00007fff2a3a2000 	/System/Library/PrivateFrameworks/AppleFSCompression.framework/Versions/A/AppleFSCompression
0x00007fff29e4d000 	/usr/lib/libcoretls.dylib
0x00007fff2a907000 	/usr/lib/libpam.2.dylib
0x00007fff2ae3a000 	/usr/lib/libxar.1.dylib
0x00007fff29236000 	/System/Library/PrivateFrameworks/AppleSystemInfo.framework/Versions/A/AppleSystemInfo
0x00007fff29a90000 	/System/Library/PrivateFrameworks/IOMobileFramebuffer.framework/Versions/A/IOMobileFramebuffer
0x00007fff2a3b2000 	/usr/lib/libbz2.1.0.dylib
0x00007fff2a6d3000 	/usr/lib/libiconv.2.dylib
0x00007fff2a627000 	/usr/lib/libcharset.1.dylib
0x00007fff2738e000 	/System/Library/Frameworks/CoreServices.framework/Versions/A/Frameworks/FSEvents.framework/Versions/A/FSEvents
0x00007fff226e3000 	/System/Library/Frameworks/CoreServices.framework/Versions/A/Frameworks/CarbonCore.framework/Versions/A/CarbonCore
0x00007fff263e9000 	/System/Library/Frameworks/CoreServices.framework/Versions/A/Frameworks/Metadata.framework/Versions/A/Metadata
0x00007fff2a3c5000 	/System/Library/Frameworks/CoreServices.framework/Versions/A/Frameworks/OSServices.framework/Versions/A/OSServices
0x00007fff2a848000 	/System/Library/Frameworks/CoreServices.framework/Versions/A/Frameworks/SearchKit.framework/Versions/A/SearchKit
0x00007fff2616a000 	/System/Library/Frameworks/CoreServices.framework/Versions/A/Frameworks/AE.framework/Versions/A/AE
0x00007fff20854000 	/System/Library/Frameworks/CoreServices.framework/Versions/A/Frameworks/LaunchServices.framework/Versions/A/LaunchServices
0x00007fff2acd6000 	/System/Library/Frameworks/CoreServices.framework/Versions/A/Frameworks/DictionaryServices.framework/Versions/A/DictionaryServices
0x00007fff27397000 	/System/Library/Frameworks/CoreServices.framework/Versions/A/Frameworks/SharedFileList.framework/Versions/A/SharedFileList
0x00007fff29e41000 	/usr/lib/libCheckFix.dylib
0x00007fff24ad1000 	/System/Library/PrivateFrameworks/TCC.framework/Versions/A/TCC
0x00007fff2923c000 	/System/Library/PrivateFrameworks/CoreNLP.framework/Versions/A/CoreNLP
0x00007fff2639c000 	/System/Library/PrivateFrameworks/MetadataUtilities.framework/Versions/A/MetadataUtilities
0x00007fff20e62000 	/usr/lib/libmecabra.dylib
0x00007fff2a155000 	/System/Library/Frameworks/MLCompute.framework/Versions/A/MLCompute
0x00007fff29e76000 	/usr/lib/libmecab.dylib
0x00007fff29ec0000 	/usr/lib/libgermantok.dylib
0x00007fff2a8b0000 	/usr/lib/libThaiTokenizer.dylib
0x00007fff2ae75000 	/usr/lib/libChineseTokenizer.dylib
0x00007fff2a905000 	/System/Library/Frameworks/MetalPerformanceShaders.framework/Versions/A/MetalPerformanceShaders
0x00007fff2648b000 	/System/Library/Frameworks/Accelerate.framework/Versions/A/Frameworks/vImage.framework/Versions/A/vImage
0x00007fff301ab000 	/System/Library/Frameworks/Accelerate.framework/Versions/A/Frameworks/vecLib.framework/Versions/A/vecLib
0x00007fff2ae80000 	/System/Library/Frameworks/Accelerate.framework/Versions/A/Frameworks/vecLib.framework/Versions/A/libvMisc.dylib
0x00007fff298ec000 	/System/Library/Frameworks/Accelerate.framework/Versions/A/Frameworks/vecLib.framework/Versions/A/libvDSP.dylib
0x00007fff20b58000 	/System/Library/Frameworks/Accelerate.framework/Versions/A/Frameworks/vecLib.framework/Versions/A/libBLAS.dylib
0x00007fff2a92b000 	/System/Library/Frameworks/Accelerate.framework/Versions/A/Frameworks/vecLib.framework/Versions/A/libLAPACK.dylib
0x00007fff29ec6000 	/System/Library/Frameworks/Accelerate.framework/Versions/A/Frameworks/vecLib.framework/Versions/A/libLinearAlgebra.dylib
0x00007fff2a8f2000 	/System/Library/Frameworks/Accelerate.framework/Versions/A/Frameworks/vecLib.framework/Versions/A/libSparseBLAS.dylib
0x00007fff2a925000 	/System/Library/Frameworks/Accelerate.framework/Versions/A/Frameworks/vecLib.framework/Versions/A/libQuadrature.dylib
0x00007fff292e4000 	/System/Library/Frameworks/Accelerate.framework/Versions/A/Frameworks/vecLib.framework/Versions/A/libBNNS.dylib
0x00007fff20d3f000 	/System/Library/Frameworks/Accelerate.framework/Versions/A/Frameworks/vecLib.framework/Versions/A/libSparse.dylib
0x00007fff291cf000 	/System/Library/Frameworks/MetalPerformanceShaders.framework/Versions/A/Frameworks/MPSCore.framework/Versions/A/MPSCore
0x00007fff2a311000 	/System/Library/Frameworks/MetalPerformanceShaders.framework/Versions/A/Frameworks/MPSImage.framework/Versions/A/MPSImage
0x00007fff29edd000 	/System/Library/Frameworks/MetalPerformanceShaders.framework/Versions/A/Frameworks/MPSNeuralNetwork.framework/Versions/A/MPSNeuralNetwork
0x00007fff2a29c000 	/System/Library/Frameworks/MetalPerformanceShaders.framework/Versions/A/Frameworks/MPSMatrix.framework/Versions/A/MPSMatrix
0x00007fff2a105000 	/System/Library/Frameworks/MetalPerformanceShaders.framework/Versions/A/Frameworks/MPSRayIntersector.framework/Versions/A/MPSRayIntersector
0x00007fff2a2d3000 	/System/Library/Frameworks/MetalPerformanceShaders.framework/Versions/A/Frameworks/MPSNDArray.framework/Versions/A/MPSNDArray
0x00007fff20a84000 	/System/Library/PrivateFrameworks/MetalTools.framework/Versions/A/MetalTools
0x00007fff29234000 	/System/Library/PrivateFrameworks/AggregateDictionary.framework/Versions/A/AggregateDictionary
0x00007fff26374000 	/System/Library/PrivateFrameworks/CoreAnalytics.framework/Versions/A/CoreAnalytics
0x00007fff2a8b2000 	/System/Library/PrivateFrameworks/AppleSauce.framework/Versions/A/AppleSauce
0x00007fff2853e000 	/System/Library/PrivateFrameworks/IOAccelerator.framework/Versions/A/IOAccelerator
0x00007fff6cacf000 	/System/Library/Frameworks/OpenGL.framework/Versions/A/Libraries/libCoreFSCache.dylib
0x00007fff213fe000 	/System/Library/PrivateFrameworks/LanguageModeling.framework/Versions/A/LanguageModeling
0x00007fff29a7d000 	/System/Library/PrivateFrameworks/CoreEmoji.framework/Versions/A/CoreEmoji
0x00007fff292dd000 	/System/Library/PrivateFrameworks/LinguisticData.framework/Versions/A/LinguisticData
0x00007fff20cf1000 	/System/Library/PrivateFrameworks/Lexicon.framework/Versions/A/Lexicon
0x00007fff2a7c4000 	/usr/lib/libcmph.dylib
0x00007fff2736e000 	/System/Library/Frameworks/OpenDirectory.framework/Versions/A/Frameworks/CFOpenDirectory.framework/Versions/A/CFOpenDirectory
0x00007fff2735e000 	/System/Library/Frameworks/OpenDirectory.framework/Versions/A/OpenDirectory
0x00007fff2ad40000 	/System/Library/PrivateFrameworks/APFS.framework/Versions/A/APFS
0x00007fff29da2000 	/System/Library/Frameworks/SecurityFoundation.framework/Versions/A/SecurityFoundation
0x00007fff2ae48000 	/usr/lib/libutil.dylib
0x00007fff22a0a000 	/System/Library/PrivateFrameworks/CoreServicesStore.framework/Versions/A/CoreServicesStore
0x00007fff29e39000 	/System/Library/Frameworks/ServiceManagement.framework/Versions/A/ServiceManagement
0x00007fff2ae4c000 	/usr/lib/libxslt.1.dylib
0x00007fff29e2f000 	/System/Library/PrivateFrameworks/BackgroundTaskManagement.framework/Versions/A/BackgroundTaskManagement
0x00007fff2bf8c000 	/System/Library/Frameworks/ImageIO.framework/Versions/A/Resources/libRadiance.dylib
0x00007fff2bf95000 	/System/Library/Frameworks/ImageIO.framework/Versions/A/Resources/libJPEG.dylib
0x00007fff2bee5000 	/System/Library/Frameworks/ImageIO.framework/Versions/A/Resources/libPng.dylib
0x00007fff2bf0c000 	/System/Library/Frameworks/ImageIO.framework/Versions/A/Resources/libTIFF.dylib
0x00007fff2bfea000 	/System/Library/Frameworks/ImageIO.framework/Versions/A/Resources/libGIF.dylib
0x00007fff2bc49000 	/System/Library/Frameworks/ImageIO.framework/Versions/A/Resources/libJP2.dylib
0x00007fff2b333000 	/usr/lib/libexpat.1.dylib
0x00007fff2bbfe000 	/System/Library/PrivateFrameworks/AppleJPEG.framework/Versions/A/AppleJPEG
0x00007fff28774000 	/System/Library/PrivateFrameworks/FontServices.framework/libFontParser.dylib
0x00007fff2611e000 	/System/Library/PrivateFrameworks/RunningBoardServices.framework/Versions/A/RunningBoardServices
0x00007fff2bd27000 	/System/Library/PrivateFrameworks/WatchdogClient.framework/Versions/A/WatchdogClient
0x00007fff214eb000 	/System/Library/Frameworks/CoreDisplay.framework/Versions/A/CoreDisplay
0x00007fff2868a000 	/System/Library/Frameworks/CoreMedia.framework/Versions/A/CoreMedia
0x00007fff274eb000 	/System/Library/Frameworks/CoreVideo.framework/Versions/A/CoreVideo
0x00007fff2bd5f000 	/System/Library/Frameworks/VideoToolbox.framework/Versions/A/VideoToolbox
0x00007fff2609c000 	/System/Library/PrivateFrameworks/BaseBoard.framework/Versions/A/BaseBoard
0x00007fff2b478000 	/System/Library/PrivateFrameworks/PersistentConnection.framework/Versions/A/PersistentConnection
0x00007fff25e37000 	/System/Library/PrivateFrameworks/ProtocolBuffer.framework/Versions/A/ProtocolBuffer
0x00007fff26083000 	/System/Library/PrivateFrameworks/CommonUtilities.framework/Versions/A/CommonUtilities
0x00007fff2bb93000 	/System/Library/PrivateFrameworks/Bom.framework/Versions/A/Bom
0x00007fff2bf85000 	/System/Library/PrivateFrameworks/GPUWrangler.framework/Versions/A/GPUWrangler
0x00007fff2bf6a000 	/System/Library/PrivateFrameworks/IOPresentment.framework/Versions/A/IOPresentment
0x00007fff2bf8f000 	/System/Library/PrivateFrameworks/DSExternalDisplay.framework/Versions/A/DSExternalDisplay
0x00007fff2bfef000 	/System/Library/PrivateFrameworks/CMCaptureCore.framework/Versions/A/CMCaptureCore
0x00007fff2b918000 	/System/Library/PrivateFrameworks/AppServerSupport.framework/Versions/A/AppServerSupport
0x00007fff2d9c2000 	/System/Library/PrivateFrameworks/perfdata.framework/Versions/A/perfdata
0x00007fff29d91000 	/System/Library/PrivateFrameworks/AssertionServices.framework/Versions/A/AssertionServices
0x00007fff21622000 	/System/Library/PrivateFrameworks/AudioToolboxCore.framework/Versions/A/AudioToolboxCore
0x00007fff2866d000 	/System/Library/PrivateFrameworks/caulk.framework/Versions/A/caulk
0x00007fff3d64f000 	/System/Library/PrivateFrameworks/SystemPolicy.framework/Versions/A/SystemPolicy
0x00007fff2b128000 	/usr/lib/libIOReport.dylib
0x00007fff2d1e4000 	/usr/lib/libSMC.dylib
0x00007fff2beb2000 	/usr/lib/libAudioToolboxUtility.dylib
0x00007fff3dfb9000 	/usr/lib/libmis.dylib
0x00007fff6cb2b000 	/System/Library/Frameworks/OpenGL.framework/Versions/A/Libraries/libGLU.dylib
0x00007fff6caee000 	/System/Library/Frameworks/OpenGL.framework/Versions/A/Libraries/libGFXShared.dylib
0x00007fff6ccfd000 	/System/Library/Frameworks/OpenGL.framework/Versions/A/Libraries/libGL.dylib
0x00007fff6caf7000 	/System/Library/Frameworks/OpenGL.framework/Versions/A/Libraries/libGLImage.dylib
0x00007fff6caeb000 	/System/Library/Frameworks/OpenGL.framework/Versions/A/Libraries/libCVMSPluginSupport.dylib
0x00007fff6cad6000 	/System/Library/Frameworks/OpenGL.framework/Versions/A/Libraries/libCoreVMClient.dylib
0x00007fff6e13e000 	/System/Library/Frameworks/OpenCL.framework/Versions/A/OpenCL
0x00007fff2b4a2000 	/System/Library/PrivateFrameworks/GraphVisualizer.framework/Versions/A/GraphVisualizer
0x00007fff2b4b1000 	/System/Library/PrivateFrameworks/FaceCore.framework/Versions/A/FaceCore
0x00007fff2b8cd000 	/System/Library/PrivateFrameworks/OTSVG.framework/Versions/A/OTSVG
0x00007fff270e2000 	/System/Library/Frameworks/ApplicationServices.framework/Versions/A/Frameworks/ATS.framework/Versions/A/Resources/libFontRegistry.dylib
0x00007fff2b91f000 	/System/Library/PrivateFrameworks/FontServices.framework/libhvf.dylib
0x00007fff2b2df000 	/System/Library/PrivateFrameworks/AppleVA.framework/Versions/A/AppleVA
0x00007fff2d02d000 	/System/Library/Frameworks/ApplicationServices.framework/Versions/A/Frameworks/ATS.framework/Versions/A/ATS
0x00007fff2d33f000 	/System/Library/Frameworks/ApplicationServices.framework/Versions/A/Frameworks/ColorSyncLegacy.framework/Versions/A/ColorSyncLegacy
0x00007fff25600000 	/System/Library/Frameworks/ApplicationServices.framework/Versions/A/Frameworks/HIServices.framework/Versions/A/HIServices
0x00007fff2d324000 	/System/Library/Frameworks/ApplicationServices.framework/Versions/A/Frameworks/LangAnalysis.framework/Versions/A/LangAnalysis
0x00007fff2bff9000 	/System/Library/Frameworks/ApplicationServices.framework/Versions/A/Frameworks/PrintCore.framework/Versions/A/PrintCore
0x00007fff2d347000 	/System/Library/Frameworks/ApplicationServices.framework/Versions/A/Frameworks/QD.framework/Versions/A/QD
0x00007fff2d01d000 	/System/Library/Frameworks/ApplicationServices.framework/Versions/A/Frameworks/SpeechSynthesis.framework/Versions/A/SpeechSynthesis
0x00007fff2bfba000 	/System/Library/Frameworks/ApplicationServices.framework/Versions/A/Frameworks/ATSUI.framework/Versions/A/ATSUI
0x00007fff2d2c4000 	/usr/lib/libcups.2.dylib
0x00007fff2d334000 	/System/Library/PrivateFrameworks/NetAuth.framework/Versions/A/NetAuth
0x00007fff2d9de000 	/System/Library/Frameworks/Kerberos.framework/Versions/A/Kerberos
0x00007fff2d9ee000 	/System/Library/Frameworks/GSS.framework/Versions/A/GSS
0x00007fff2d099000 	/usr/lib/libresolv.9.dylib
0x00007fff2b934000 	/System/Library/PrivateFrameworks/Heimdal.framework/Versions/A/Heimdal
0x00007fff33765000 	/System/Library/Frameworks/Kerberos.framework/Versions/A/Libraries/libHeimdalProxy.dylib
0x00007fff261ef000 	/System/Library/Frameworks/Network.framework/Versions/A/Network
0x00007fff2b34d000 	/usr/lib/libheimdal-asn1.dylib
0x00007fff2da3e000 	/System/Library/PrivateFrameworks/CommonAuth.framework/Versions/A/CommonAuth
0x00007fff27538000 	/System/Library/PrivateFrameworks/login.framework/Versions/A/Frameworks/loginsupport.framework/Versions/A/loginsupport
0x00007fff2cfa2000 	/System/Library/PrivateFrameworks/AudioSession.framework/Versions/A/AudioSession
0x00007fff2d00a000 	/usr/lib/libAudioStatistics.dylib
0x00007fff2b3da000 	/System/Library/PrivateFrameworks/MediaExperience.framework/Versions/A/MediaExperience
0x00007fff2ce3f000 	/System/Library/PrivateFrameworks/AudioSession.framework/libSessionUtility.dylib
0x00007fff2d9cf000 	/usr/lib/libperfcheck.dylib
0x00007fff2d353000 	/System/Library/PrivateFrameworks/AudioResourceArbitration.framework/Versions/A/AudioResourceArbitration
0x00007fff2b357000 	/System/Library/PrivateFrameworks/IconFoundation.framework/Versions/A/IconFoundation
0x00007fff2fe75000 	/System/Library/PrivateFrameworks/SpeechRecognitionCore.framework/Versions/A/SpeechRecognitionCore
0x000000010f800000 	/Library/Java/JavaVirtualMachines/jdk-15.0.1.jdk/Contents/Home/lib/server/libjvm.dylib
0x000000010b248000 	/Library/Java/JavaVirtualMachines/jdk-15.0.1.jdk/Contents/Home/lib/libjimage.dylib
0x000000010b2aa000 	/Library/Java/JavaVirtualMachines/jdk-15.0.1.jdk/Contents/Home/lib/libjava.dylib
0x000000010b715000 	/Library/Java/JavaVirtualMachines/jdk-15.0.1.jdk/Contents/Home/lib/libnet.dylib
0x000000010b753000 	/Library/Java/JavaVirtualMachines/jdk-15.0.1.jdk/Contents/Home/lib/libnio.dylib


VM Arguments:
jvm_args: -Dfile.encoding=UTF-8 -XX:+ShowCodeDetailsInExceptionMessages 
java_command: com.suika.trycatch.TryCatch2
java_class_path (initial): /Users/suika/git/JavaLearning/JavaLearning/bin
Launcher Type: SUN_STANDARD

[Global flags]
     intx CICompilerCount                          = 4                                         {product} {ergonomic}
     uint ConcGCThreads                            = 2                                         {product} {ergonomic}
     uint G1ConcRefinementThreads                  = 8                                         {product} {ergonomic}
   size_t G1HeapRegionSize                         = 1048576                                   {product} {ergonomic}
    uintx GCDrainStackTargetSize                   = 64                                        {product} {ergonomic}
   size_t InitialHeapSize                          = 134217728                                 {product} {ergonomic}
   size_t MarkStackSize                            = 4194304                                   {product} {ergonomic}
   size_t MaxHeapSize                              = 2147483648                                {product} {ergonomic}
   size_t MaxNewSize                               = 1287651328                                {product} {ergonomic}
   size_t MinHeapDeltaBytes                        = 1048576                                   {product} {ergonomic}
   size_t MinHeapSize                              = 8388608                                   {product} {ergonomic}
    uintx NonNMethodCodeHeapSize                   = 5839372                                {pd product} {ergonomic}
    uintx NonProfiledCodeHeapSize                  = 122909434                              {pd product} {ergonomic}
    uintx ProfiledCodeHeapSize                     = 122909434                              {pd product} {ergonomic}
    uintx ReservedCodeCacheSize                    = 251658240                              {pd product} {ergonomic}
     bool SegmentedCodeCache                       = true                                      {product} {ergonomic}
     bool ShowCodeDetailsInExceptionMessages       = true                                   {manageable} {command line}
   size_t SoftMaxHeapSize                          = 2147483648                             {manageable} {ergonomic}
     bool UseCompressedClassPointers               = true                                 {lp64_product} {ergonomic}
     bool UseCompressedOops                        = true                                 {lp64_product} {ergonomic}
     bool UseG1GC                                  = true                                      {product} {ergonomic}
     bool UseNUMA                                  = false                                     {product} {ergonomic}
     bool UseNUMAInterleaving                      = false                                     {product} {ergonomic}

Logging:
Log output configuration:
 #0: stdout all=warning uptime,level,tags
 #1: stderr all=off uptime,level,tags

Environment Variables:
PATH=/usr/bin:/bin:/usr/sbin:/sbin
SHELL=/bin/zsh

Signal Handlers:
SIGSEGV: [libjvm.dylib+0x9fe2e0], sa_mask[0]=11111111111111111111111111111111, sa_flags=SA_ONSTACK|SA_RESTART|SA_SIGINFO
SIGBUS: [libjvm.dylib+0x9fe2e0], sa_mask[0]=11111111111111111111111111111111, sa_flags=SA_RESTART|SA_SIGINFO
SIGFPE: [libjvm.dylib+0x9fe2e0], sa_mask[0]=11111111111111111111111111111111, sa_flags=SA_RESTART|SA_SIGINFO
SIGPIPE: [libjvm.dylib+0x82a110], sa_mask[0]=11111111111111111111111111111111, sa_flags=SA_RESTART|SA_SIGINFO
SIGXFSZ: [libjvm.dylib+0x82a110], sa_mask[0]=11111111111111111111111111111111, sa_flags=SA_RESTART|SA_SIGINFO
SIGILL: [libjvm.dylib+0x9fe2e0], sa_mask[0]=11111111111111111111111111111111, sa_flags=SA_RESTART|SA_SIGINFO
SIGUSR2: [libjvm.dylib+0x82ac20], sa_mask[0]=00100000000000000000000000000000, sa_flags=SA_RESTART|SA_SIGINFO
SIGHUP: [libjvm.dylib+0x829320], sa_mask[0]=11111111111111111111111111111111, sa_flags=SA_RESTART|SA_SIGINFO
SIGINT: [libjvm.dylib+0x829320], sa_mask[0]=11111111111111111111111111111111, sa_flags=SA_RESTART|SA_SIGINFO
SIGTERM: [libjvm.dylib+0x829320], sa_mask[0]=11111111111111111111111111111111, sa_flags=SA_RESTART|SA_SIGINFO
SIGQUIT: [libjvm.dylib+0x829320], sa_mask[0]=11111111111111111111111111111111, sa_flags=SA_RESTART|SA_SIGINFO


---------------  S Y S T E M  ---------------

OS:uname: Darwin 20.2.0 Darwin Kernel Version 20.2.0: Wed Dec  2 20:40:21 PST 2020; root:xnu-7195.60.75~1/RELEASE_ARM64_T8101 x86_64
OS uptime: 1 days 11:15 hours
rlimit (soft/hard): STACK 8176k/65520k , CORE 0k/infinity , NPROC 1333/2000 , NOFILE 10240/infinity , AS infinity/infinity , CPU infinity/infinity , DATA infinity/infinity , FSIZE infinity/infinity , MEMLOCK infinity/infinity , RSS infinity/infinity
load average: 1.08 1.22 1.29

CPU: total 8 (initial active 8) (1 cores per cpu, 1 threads per core) family 6 model 44 stepping 0 microcode 0x0, cmov, cx8, fxsr, mmx, sse, sse2, sse3, ssse3, sse4.1, sse4.2, popcnt, aes, clmul, tsc, tscinvbit, tscinv, clflush

Memory: 4k page, physical 8388608k(20760k free), swap 2097152k(1411328k free)

vm_info: Java HotSpot(TM) 64-Bit Server VM (15.0.1+9-18) for bsd-amd64 JRE (15.0.1+9-18), built on Sep 15 2020 13:50:45 by "mach5one" with clang 4.2.1 Compatible Apple LLVM 10.0.0 (clang-1000.11.45.5)

END.
